<?xml version="1.0" encoding="UTF-8"?>
<!-- Generated by org.testng.reporters.JUnitXMLReporter -->
<testsuite ignored="2" hostname="SaiPrakash-PF2EBEMK" failures="0" tests="2" name="Test on Chrome" time="47.609" errors="0" timestamp="2024-07-04T14:58:10 IST">
  <testcase classname="org.enmovil.atf.testscripts.LoginPageTestScripts" name="sideMenuList on [LoginPageTestScripts passed=0 failed=0 skipped=0]" time="12.466"/>
  <testcase classname="org.enmovil.atf.testscripts.ActiveTripsTestScripts" name="validateCount on [ActiveTripsTestScripts passed=0 failed=0 skipped=0]" time="6.226"/>
  <testcase classname="org.enmovil.atf.util.BaseListener" name="@AfterSuite endReport" time="0.0">
    <ignored/>
  </testcase> <!-- @AfterSuite endReport -->
  <testcase classname="org.enmovil.atf.util.BaseListener" name="@BeforeSuite startReport" time="0.0">
    <ignored/>
  </testcase> <!-- @BeforeSuite startReport -->
</testsuite> <!-- Test on Chrome -->
