<?xml version="1.0" encoding="UTF-8"?>
<!-- Generated by org.testng.reporters.JUnitXMLReporter -->
<testsuite ignored="2" hostname="SaiPrakash-PF2EBEMK" failures="1" tests="2" name="Test on Chrome" time="39.49" errors="0" timestamp="2024-07-03T14:41:23 IST">
  <testcase classname="org.enmovil.atf.testscripts.LoginPageTestScripts" name="sideMenuList on [LoginPageTestScripts passed=0 failed=0 skipped=0]" time="12.493"/>
  <testcase classname="org.enmovil.atf.testscripts.ActiveTripsTestScripts" name="sideMenuList on [ActiveTripsTestScripts passed=0 failed=0 skipped=0]" time="6.21">
    <failure type="java.lang.NullPointerException" message="Cannot invoke &amp;quot;org.openqa.selenium.WebElement.getText()&amp;quot; because the return value of &amp;quot;org.enmovil.atf.pageobjects.ActiveTripsPageContainer.getGridCount()&amp;quot; is null">
      <![CDATA[java.lang.NullPointerException: Cannot invoke "org.openqa.selenium.WebElement.getText()" because the return value of "org.enmovil.atf.pageobjects.ActiveTripsPageContainer.getGridCount()" is null
at org.enmovil.atf.validations.ActiveTripsPageValidations.counterValidation(ActiveTripsPageValidations.java:15)
at org.enmovil.atf.testscripts.ActiveTripsTestScripts.sideMenuList(ActiveTripsTestScripts.java:42)
at java.base/java.util.ArrayList.forEach(ArrayList.java:1511)
at java.base/java.util.concurrent.FutureTask.run(FutureTask.java:264)
at java.base/java.util.concurrent.ThreadPoolExecutor.runWorker(ThreadPoolExecutor.java:1136)
at java.base/java.util.concurrent.ThreadPoolExecutor$Worker.run(ThreadPoolExecutor.java:635)
at java.base/java.lang.Thread.run(Thread.java:840)
... Removed 18 stack frames]]>
    </failure>
  </testcase> <!-- sideMenuList on [ActiveTripsTestScripts passed=0 failed=0 skipped=0] -->
  <testcase classname="org.enmovil.atf.util.BaseListener" name="@AfterSuite endReport" time="0.0">
    <ignored/>
  </testcase> <!-- @AfterSuite endReport -->
  <testcase classname="org.enmovil.atf.util.BaseListener" name="@BeforeSuite startReport" time="0.0">
    <ignored/>
  </testcase> <!-- @BeforeSuite startReport -->
</testsuite> <!-- Test on Chrome -->
