<?xml version="1.0" encoding="UTF-8"?>
<!-- Generated by org.testng.reporters.JUnitXMLReporter -->
<testsuite ignored="2" hostname="SaiPrakash-PF2EBEMK" failures="0" tests="2" name="Test" time="32.265" errors="0" timestamp="2024-07-10T18:05:41 IST">
  <testcase classname="org.enmovil.atf.testscripts.LoginPageTestScripts" name="sideMenuList on [LoginPageTestScripts passed=0 failed=0 skipped=0]" time="13.028"/>
  <testcase classname="org.enmovil.atf.testscripts.ActiveTripsTestScripts" name="validateCount on [ActiveTripsTestScripts passed=0 failed=0 skipped=0]" time="6.485"/>
  <testcase classname="org.enmovil.atf.util.BaseListener" name="@BeforeSuite startReport" time="0.0">
    <ignored/>
  </testcase> <!-- @BeforeSuite startReport -->
  <testcase classname="org.enmovil.atf.util.BaseListener" name="@AfterSuite endReport" time="0.0">
    <ignored/>
  </testcase> <!-- @AfterSuite endReport -->
</testsuite> <!-- Test -->
