<?xml version="1.0" encoding="UTF-8"?>
<testsuite xmlns:xsi="http://www.w3.org/2001/XMLSchema-instance" xsi:noNamespaceSchemaLocation="https://maven.apache.org/surefire/maven-surefire-plugin/xsd/surefire-test-report-3.0.xsd" version="3.0" name="TestSuite" time="33.502" tests="2" errors="0" skipped="0" failures="0">
  <properties>
[...]
</properties>
  <testcase name="sideMenuList on [LoginPageTestScripts passed=0 failed=0 skipped=0]" classname="org.enmovil.atf.testscripts.LoginPageTestScripts" time="13.029">
    <system-out><![CDATA[https://ve-autometrics.in/prtconsignments
]]></system-out>
    <system-err><![CDATA[Starting ChromeDriver 125.0.6422.78 (14db42ec38aded3304a3e624a0a038e02956b87e-refs/branch-heads/6422@{#1088}) on port 19189
Only local connections are allowed.
Please see https://chromedriver.chromium.org/security-considerations for suggestions on keeping ChromeDriver safe.
ChromeDriver was started successfully.
[1720614910.978][WARNING]: This version of ChromeDriver has not been tested with Chrome version 126.
Jul 10, 2024 6:05:11 PM org.openqa.selenium.devtools.CdpVersionFinder findNearestMatch
WARNING: Unable to find CDP implementation matching 126
Jul 10, 2024 6:05:11 PM org.openqa.selenium.chromium.ChromiumDriver lambda$new$3
WARNING: Unable to find version of CDP to use for . You may need to include a dependency on a specific version of the CDP using something similar to `org.seleniumhq.selenium:selenium-devtools-v86:4.8.3` where the version ("v86") matches the version of the chromium-based browser you're using and the version number of the artifact is the same as Selenium's.
]]></system-err>
  </testcase>
  <testcase name="validateCount on [ActiveTripsTestScripts passed=0 failed=0 skipped=0]" classname="org.enmovil.atf.testscripts.ActiveTripsTestScripts" time="6.523">
    <system-out><![CDATA[Count of KPI Consignments: 13
grid count for the KPI: 13
]]></system-out>
  </testcase>
</testsuite>