<?xml version="1.0" encoding="UTF-8"?>
<testng-results ignored="0" total="2" passed="2" failed="0" skipped="0">
  <reporter-output>
  </reporter-output>
  <suite started-at="2024-07-10T18:05:09 IST" name="Suite" finished-at="2024-07-10T18:05:41 IST" duration-ms="32265">
    <groups>
    </groups>
    <test started-at="2024-07-10T18:05:09 IST" name="Test" finished-at="2024-07-10T18:05:41 IST" duration-ms="32265">
      <class name="org.enmovil.atf.testscripts.ActiveTripsTestScripts">
        <test-method is-config="true" signature="init()[pri:0, instance:[ActiveTripsTestScripts passed=0 failed=0 skipped=0]]" started-at="2024-07-10T18:05:33 IST" name="init" finished-at="2024-07-10T18:05:33 IST" duration-ms="11" status="PASS">
          <reporter-output>
          </reporter-output>
        </test-method> <!-- init -->
        <test-method signature="validateCount()[pri:0, instance:[ActiveTripsTestScripts passed=0 failed=0 skipped=0]]" started-at="2024-07-10T18:05:33 IST" name="validateCount" description="Validate the KPIs Count" finished-at="2024-07-10T18:05:39 IST" duration-ms="6485" status="PASS">
          <reporter-output>
          </reporter-output>
        </test-method> <!-- validateCount -->
        <test-method is-config="true" signature="getResult(org.testng.ITestResult)[pri:0, instance:[ActiveTripsTestScripts passed=0 failed=0 skipped=0]]" started-at="2024-07-10T18:05:39 IST" name="getResult" finished-at="2024-07-10T18:05:40 IST" duration-ms="335" status="PASS">
          <params>
            <param index="0">
              <value>
                <![CDATA[[TestResult name=validateCount on [ActiveTripsTestScripts passed=0 failed=0 skipped=0] status=SUCCESS method=ActiveTripsTestScripts.validateCount()[pri:0, instance:[ActiveTripsTestScripts passed=0 failed=0 skipped=0]] output={null}]]]>
              </value>
            </param>
          </params>
          <reporter-output>
          </reporter-output>
        </test-method> <!-- getResult -->
        <test-method is-config="true" signature="closeBrowser()[pri:0, instance:[ActiveTripsTestScripts passed=0 failed=0 skipped=0]]" started-at="2024-07-10T18:05:40 IST" name="closeBrowser" finished-at="2024-07-10T18:05:41 IST" duration-ms="1141" status="PASS">
          <reporter-output>
          </reporter-output>
        </test-method> <!-- closeBrowser -->
      </class> <!-- org.enmovil.atf.testscripts.ActiveTripsTestScripts -->
      <class name="org.enmovil.atf.testscripts.LoginPageTestScripts">
        <test-method is-config="true" signature="startReport()[pri:0, instance:[LoginPageTestScripts passed=0 failed=0 skipped=0]]" started-at="2024-07-10T18:05:08 IST" name="startReport" finished-at="2024-07-10T18:05:09 IST" duration-ms="255" status="PASS">
          <reporter-output>
          </reporter-output>
        </test-method> <!-- startReport -->
        <test-method is-config="true" signature="init()[pri:0, instance:[LoginPageTestScripts passed=0 failed=0 skipped=0]]" started-at="2024-07-10T18:05:09 IST" name="init" finished-at="2024-07-10T18:05:20 IST" duration-ms="11000" status="PASS">
          <reporter-output>
          </reporter-output>
        </test-method> <!-- init -->
        <test-method signature="sideMenuList()[pri:0, instance:[LoginPageTestScripts passed=0 failed=0 skipped=0]]" started-at="2024-07-10T18:05:20 IST" name="sideMenuList" description="Open Side Menu list in VE Application and navigate" finished-at="2024-07-10T18:05:33 IST" duration-ms="13028" status="PASS">
          <reporter-output>
          </reporter-output>
        </test-method> <!-- sideMenuList -->
        <test-method is-config="true" signature="getResult(org.testng.ITestResult)[pri:0, instance:[LoginPageTestScripts passed=0 failed=0 skipped=0]]" started-at="2024-07-10T18:05:33 IST" name="getResult" finished-at="2024-07-10T18:05:33 IST" duration-ms="214" status="PASS">
          <params>
            <param index="0">
              <value>
                <![CDATA[[TestResult name=sideMenuList on [LoginPageTestScripts passed=0 failed=0 skipped=0] status=SUCCESS method=LoginPageTestScripts.sideMenuList()[pri:0, instance:[LoginPageTestScripts passed=0 failed=0 skipped=0]] output={null}]]]>
              </value>
            </param>
          </params>
          <reporter-output>
          </reporter-output>
        </test-method> <!-- getResult -->
        <test-method is-config="true" signature="endReport()[pri:0, instance:[LoginPageTestScripts passed=0 failed=0 skipped=0]]" started-at="2024-07-10T18:05:41 IST" name="endReport" finished-at="2024-07-10T18:05:41 IST" duration-ms="278" status="PASS">
          <reporter-output>
          </reporter-output>
        </test-method> <!-- endReport -->
      </class> <!-- org.enmovil.atf.testscripts.LoginPageTestScripts -->
    </test> <!-- Test -->
  </suite> <!-- Suite -->
</testng-results>
